2018-07-23 19:09:58.443 [http-nio-8080-exec-1] [ERROR] HelloController - error test
2018-07-23 19:10:33.423 [http-nio-8080-exec-3] [ERROR] HelloController - error test
2018-07-23 19:14:28.607 [http-nio-8080-exec-6] [ERROR] HelloController - error test
2018-07-23 19:14:51.024 [http-nio-8080-exec-8] [ERROR] HelloController - error test
2018-07-24 09:42:30.815  INFO 1443 --- [           main] i.t.t.ApplicationKt                      : Starting ApplicationKt on Jiangs-MacBook-Pro.local with PID 1443 (/Users/gingko/Documents/Code/kotlin/template/target/classes started by gingko in /Users/gingko/Documents/Code/kotlin/template)
2018-07-24 09:42:30.823  INFO 1443 --- [           main] i.t.t.ApplicationKt                      : No active profile set, falling back to default profiles: default
2018-07-24 09:42:33.870  INFO 1443 --- [           main] i.t.t.ApplicationKt                      : Started ApplicationKt in 3.916 seconds (JVM running for 5.645)
2018-07-24 09:45:36.549  INFO 1447 --- [           main] i.t.t.ApplicationKt                      : Starting ApplicationKt on Jiangs-MacBook-Pro.local with PID 1447 (/Users/gingko/Documents/Code/kotlin/template/target/classes started by gingko in /Users/gingko/Documents/Code/kotlin/template)
2018-07-24 09:45:36.555  INFO 1447 --- [           main] i.t.t.ApplicationKt                      : No active profile set, falling back to default profiles: default
2018-07-24 09:45:39.647  INFO 1447 --- [           main] i.t.t.ApplicationKt                      : Started ApplicationKt in 3.715 seconds (JVM running for 5.018)
2018-07-24 09:50:55.391  INFO 1464 --- [           main] i.t.t.ApplicationKt                      : Starting ApplicationKt on Jiangs-MacBook-Pro.local with PID 1464 (/Users/gingko/Documents/Code/kotlin/template/target/classes started by gingko in /Users/gingko/Documents/Code/kotlin/template)
2018-07-24 09:50:55.398  INFO 1464 --- [           main] i.t.t.ApplicationKt                      : No active profile set, falling back to default profiles: default
2018-07-24 09:50:58.585  INFO 1464 --- [           main] i.t.t.ApplicationKt                      : Started ApplicationKt in 3.864 seconds (JVM running for 5.242)
2018-07-24 10:05:46.517  INFO 1535 --- [           main] i.t.t.ApplicationKt                      : Starting ApplicationKt on Jiangs-MacBook-Pro.local with PID 1535 (/Users/gingko/Documents/Code/kotlin/template/target/classes started by gingko in /Users/gingko/Documents/Code/kotlin/template)
2018-07-24 10:05:46.539  INFO 1535 --- [           main] i.t.t.ApplicationKt                      : No active profile set, falling back to default profiles: default
2018-07-24 10:05:49.773  INFO 1535 --- [           main] i.t.t.ApplicationKt                      : Started ApplicationKt in 3.879 seconds (JVM running for 5.701)
2018-07-24 10:12:23.638  INFO 1549 --- [           main] i.t.t.ApplicationKt                      : Starting ApplicationKt on Jiangs-MacBook-Pro.local with PID 1549 (/Users/gingko/Documents/Code/kotlin/template/target/classes started by gingko in /Users/gingko/Documents/Code/kotlin/template)
2018-07-24 10:12:23.644  INFO 1549 --- [           main] i.t.t.ApplicationKt                      : No active profile set, falling back to default profiles: default
2018-07-24 10:12:26.783  INFO 1549 --- [           main] i.t.t.ApplicationKt                      : Started ApplicationKt in 3.819 seconds (JVM running for 5.285)
2018-07-24 10:20:22.243  INFO 1564 --- [           main] i.t.t.ApplicationKt                      : Starting ApplicationKt on Jiangs-MacBook-Pro.local with PID 1564 (/Users/gingko/Documents/Code/kotlin/template/target/classes started by gingko in /Users/gingko/Documents/Code/kotlin/template)
2018-07-24 10:20:22.253  INFO 1564 --- [           main] i.t.t.ApplicationKt                      : No active profile set, falling back to default profiles: default
2018-07-24 10:20:25.364  INFO 1564 --- [           main] i.t.t.ApplicationKt                      : Started ApplicationKt in 3.871 seconds (JVM running for 5.079)
2018-07-24 10:31:14.781  INFO 1585 --- [           main] i.t.t.ApplicationKt                      : Starting ApplicationKt on Jiangs-MacBook-Pro.local with PID 1585 (/Users/gingko/Documents/Code/kotlin/template/target/classes started by gingko in /Users/gingko/Documents/Code/kotlin/template)
2018-07-24 10:31:14.805  INFO 1585 --- [           main] i.t.t.ApplicationKt                      : No active profile set, falling back to default profiles: default
2018-07-24 10:31:18.112  INFO 1585 --- [           main] i.t.t.ApplicationKt                      : Started ApplicationKt in 3.928 seconds (JVM running for 5.089)
2018-07-24 17:31:51.074  INFO 2870 --- [           main] i.t.t.ApplicationKt                      : Starting ApplicationKt on Jiangs-MacBook-Pro.local with PID 2870 (/Users/gingko/Documents/Code/kotlin/template/target/classes started by gingko in /Users/gingko/Documents/Code/kotlin/template)
2018-07-24 17:31:51.103  INFO 2870 --- [           main] i.t.t.ApplicationKt                      : No active profile set, falling back to default profiles: default
2018-07-24 17:31:54.230  INFO 2870 --- [           main] i.t.t.ApplicationKt                      : Started ApplicationKt in 4.058 seconds (JVM running for 5.489)
2018-07-24 17:42:39.031  INFO 2885 --- [           main] i.t.t.ApplicationKt                      : Starting ApplicationKt on Jiangs-MacBook-Pro.local with PID 2885 (/Users/gingko/Documents/Code/kotlin/template/target/classes started by gingko in /Users/gingko/Documents/Code/kotlin/template)
2018-07-24 17:42:39.037  INFO 2885 --- [           main] i.t.t.ApplicationKt                      : No active profile set, falling back to default profiles: default
2018-07-24 17:42:42.167  INFO 2885 --- [           main] i.t.t.ApplicationKt                      : Started ApplicationKt in 3.809 seconds (JVM running for 5.069)
2018-07-24 17:45:17.487  INFO 2888 --- [           main] i.t.t.ApplicationKt                      : Starting ApplicationKt on Jiangs-MacBook-Pro.local with PID 2888 (/Users/gingko/Documents/Code/kotlin/template/target/classes started by gingko in /Users/gingko/Documents/Code/kotlin/template)
2018-07-24 17:45:17.505  INFO 2888 --- [           main] i.t.t.ApplicationKt                      : No active profile set, falling back to default profiles: default
2018-07-24 17:45:20.926  INFO 2888 --- [           main] i.t.t.ApplicationKt                      : Started ApplicationKt in 4.147 seconds (JVM running for 5.405)
2018-07-24 17:47:27.795  INFO 2894 --- [           main] i.t.t.ApplicationKt                      : Starting ApplicationKt on Jiangs-MacBook-Pro.local with PID 2894 (/Users/gingko/Documents/Code/kotlin/template/target/classes started by gingko in /Users/gingko/Documents/Code/kotlin/template)
2018-07-24 17:47:27.806  INFO 2894 --- [           main] i.t.t.ApplicationKt                      : No active profile set, falling back to default profiles: default
2018-07-24 17:47:30.920  INFO 2894 --- [           main] i.t.t.ApplicationKt                      : Started ApplicationKt in 3.873 seconds (JVM running for 5.145)
2018-07-24 17:50:13.109  INFO 2904 --- [           main] i.t.t.ApplicationKt                      : Starting ApplicationKt on Jiangs-MacBook-Pro.local with PID 2904 (/Users/gingko/Documents/Code/kotlin/template/target/classes started by gingko in /Users/gingko/Documents/Code/kotlin/template)
2018-07-24 17:50:13.136  INFO 2904 --- [           main] i.t.t.ApplicationKt                      : No active profile set, falling back to default profiles: default
2018-07-24 17:50:16.370  INFO 2904 --- [           main] i.t.t.ApplicationKt                      : Started ApplicationKt in 3.988 seconds (JVM running for 5.252)
2018-07-24 17:55:07.092  INFO 2921 --- [           main] i.t.t.ApplicationKt                      : Starting ApplicationKt on Jiangs-MacBook-Pro.local with PID 2921 (/Users/gingko/Documents/Code/kotlin/template/target/classes started by gingko in /Users/gingko/Documents/Code/kotlin/template)
2018-07-24 17:55:07.107  INFO 2921 --- [           main] i.t.t.ApplicationKt                      : No active profile set, falling back to default profiles: default
2018-07-24 17:55:11.470  INFO 2921 --- [           main] i.t.t.ApplicationKt                      : Started ApplicationKt in 5.172 seconds (JVM running for 6.641)
2018-07-24 18:01:17.917  INFO 2941 --- [           main] i.t.t.ApplicationKt                      : Starting ApplicationKt on Jiangs-MacBook-Pro.local with PID 2941 (/Users/gingko/Documents/Code/kotlin/template/target/classes started by gingko in /Users/gingko/Documents/Code/kotlin/template)
2018-07-24 18:01:17.925  INFO 2941 --- [           main] i.t.t.ApplicationKt                      : No active profile set, falling back to default profiles: default
2018-07-24 18:03:26.238  INFO 2944 --- [           main] i.t.t.ApplicationKt                      : Starting ApplicationKt on Jiangs-MacBook-Pro.local with PID 2944 (/Users/gingko/Documents/Code/kotlin/template/target/classes started by gingko in /Users/gingko/Documents/Code/kotlin/template)
2018-07-24 18:03:26.267  INFO 2944 --- [           main] i.t.t.ApplicationKt                      : No active profile set, falling back to default profiles: default
2018-07-24 18:03:31.411  INFO 2944 --- [           main] i.t.t.ApplicationKt                      : Started ApplicationKt in 5.822 seconds (JVM running for 7.232)
2018-07-24 18:04:40.390  INFO 2947 --- [           main] i.t.t.ApplicationKt                      : Starting ApplicationKt on Jiangs-MacBook-Pro.local with PID 2947 (/Users/gingko/Documents/Code/kotlin/template/target/classes started by gingko in /Users/gingko/Documents/Code/kotlin/template)
2018-07-24 18:04:40.425  INFO 2947 --- [           main] i.t.t.ApplicationKt                      : No active profile set, falling back to default profiles: default
2018-07-24 18:04:45.099  INFO 2947 --- [           main] i.t.t.ApplicationKt                      : Started ApplicationKt in 5.469 seconds (JVM running for 6.857)
2018-07-24 19:35:37.429  INFO 3096 --- [           main] i.t.t.TemplateApplicationTests           : Starting TemplateApplicationTests on Jiangs-MacBook-Pro.local with PID 3096 (started by gingko in /Users/gingko/Documents/Code/kotlin/template)
2018-07-24 19:35:37.433  INFO 3096 --- [           main] i.t.t.TemplateApplicationTests           : No active profile set, falling back to default profiles: default
2018-07-24 19:35:40.468  INFO 3096 --- [           main] i.t.t.TemplateApplicationTests           : Started TemplateApplicationTests in 3.461 seconds (JVM running for 5.188)
2018-07-24 19:36:33.515  INFO 3138 --- [           main] i.t.t.ApplicationKt                      : Starting ApplicationKt v0.0.1-SNAPSHOT on Jiangs-MacBook-Pro.local with PID 3138 (/Users/gingko/Documents/Code/kotlin/template/target/template-0.0.1-SNAPSHOT.jar started by gingko in /Users/gingko/Documents/Code/kotlin/template)
2018-07-24 19:36:33.531  INFO 3138 --- [           main] i.t.t.ApplicationKt                      : No active profile set, falling back to default profiles: default
2018-07-24 19:36:37.504  INFO 3138 --- [           main] i.t.t.ApplicationKt                      : Started ApplicationKt in 4.631 seconds (JVM running for 5.927)
2018-07-24 19:42:01.546  INFO 3161 --- [           main] i.t.t.TemplateApplicationTests           : Starting TemplateApplicationTests on Jiangs-MacBook-Pro.local with PID 3161 (started by gingko in /Users/gingko/Documents/Code/kotlin/template)
2018-07-24 19:42:01.549  INFO 3161 --- [           main] i.t.t.TemplateApplicationTests           : No active profile set, falling back to default profiles: default
2018-07-24 19:42:04.875  INFO 3161 --- [           main] i.t.t.TemplateApplicationTests           : Started TemplateApplicationTests in 3.784 seconds (JVM running for 5.644)
2018-07-24 19:42:11.516  INFO 3172 --- [           main] i.t.t.ApplicationKt                      : Starting ApplicationKt v0.0.1-SNAPSHOT on Jiangs-MacBook-Pro.local with PID 3172 (/Users/gingko/Documents/Code/kotlin/template/target/template-0.0.1-SNAPSHOT.jar started by gingko in /Users/gingko/Documents/Code/kotlin/template)
2018-07-24 19:42:11.533  INFO 3172 --- [           main] i.t.t.ApplicationKt                      : No active profile set, falling back to default profiles: default
2018-07-24 19:42:15.882  INFO 3172 --- [           main] i.t.t.ApplicationKt                      : Started ApplicationKt in 5.055 seconds (JVM running for 6.376)
2018-07-24 19:50:45.713  INFO 3182 --- [           main] i.t.t.ApplicationKt                      : Starting ApplicationKt on Jiangs-MacBook-Pro.local with PID 3182 (/Users/gingko/Documents/Code/kotlin/template/target/classes started by gingko in /Users/gingko/Documents/Code/kotlin/template)
2018-07-24 19:50:45.762  INFO 3182 --- [           main] i.t.t.ApplicationKt                      : No active profile set, falling back to default profiles: default
2018-07-24 19:51:47.241  INFO 3216 --- [           main] i.t.t.ApplicationKt                      : Starting ApplicationKt on Jiangs-MacBook-Pro.local with PID 3216 (/Users/gingko/Documents/Code/kotlin/template/target/classes started by gingko in /Users/gingko/Documents/Code/kotlin/template)
2018-07-24 19:51:47.248  INFO 3216 --- [           main] i.t.t.ApplicationKt                      : No active profile set, falling back to default profiles: default
2018-07-24 19:51:52.797  INFO 3216 --- [           main] i.t.t.ApplicationKt                      : Started ApplicationKt in 6.38 seconds (JVM running for 7.893)
2018-07-24 19:52:44.096  INFO 3219 --- [           main] i.t.t.ApplicationKt                      : Starting ApplicationKt on Jiangs-MacBook-Pro.local with PID 3219 (/Users/gingko/Documents/Code/kotlin/template/target/classes started by gingko in /Users/gingko/Documents/Code/kotlin/template)
2018-07-24 19:52:44.105  INFO 3219 --- [           main] i.t.t.ApplicationKt                      : No active profile set, falling back to default profiles: default
2018-07-24 19:52:49.651  INFO 3219 --- [           main] i.t.t.ApplicationKt                      : Started ApplicationKt in 6.47 seconds (JVM running for 8.098)
2018-07-24 20:13:32.791  INFO 903 --- [           main] i.t.t.ApplicationKt                      : Starting ApplicationKt on Jiangs-MacBook-Pro.local with PID 903 (/Users/gingko/Documents/Code/kotlin/template/target/classes started by gingko in /Users/gingko/Documents/Code/kotlin/template)
2018-07-24 20:13:32.808  INFO 903 --- [           main] i.t.t.ApplicationKt                      : No active profile set, falling back to default profiles: default
2018-07-24 20:13:36.185  INFO 903 --- [           main] i.t.t.ApplicationKt                      : Started ApplicationKt in 4.304 seconds (JVM running for 6.634)
2018-07-24 20:14:38.770  INFO 912 --- [           main] i.t.t.ApplicationKt                      : Starting ApplicationKt on Jiangs-MacBook-Pro.local with PID 912 (/Users/gingko/Documents/Code/kotlin/template/target/classes started by gingko in /Users/gingko/Documents/Code/kotlin/template)
2018-07-24 20:14:38.782  INFO 912 --- [           main] i.t.t.ApplicationKt                      : No active profile set, falling back to default profiles: default
2018-07-24 23:16:58.063  INFO 1661 --- [           main] i.t.t.TemplateApplicationTests           : Starting TemplateApplicationTests on Jiangs-MacBook-Pro.local with PID 1661 (started by gingko in /Users/gingko/Documents/Code/kotlin/template)
2018-07-24 23:16:58.070  INFO 1661 --- [           main] i.t.t.TemplateApplicationTests           : No active profile set, falling back to default profiles: default
2018-07-24 23:17:00.465  INFO 1661 --- [           main] i.t.t.TemplateApplicationTests           : Started TemplateApplicationTests in 2.683 seconds (JVM running for 3.848)
2018-07-25 15:29:15.546  INFO 6112 --- [           main] i.t.t.ApplicationKt                      : Starting ApplicationKt on Jiangs-MacBook-Pro.local with PID 6112 (/Users/gingko/Documents/Code/kotlin/template/target/classes started by gingko in /Users/gingko/Documents/Code/kotlin/template)
2018-07-25 15:29:15.556  INFO 6112 --- [           main] i.t.t.ApplicationKt                      : No active profile set, falling back to default profiles: default
2018-07-25 15:41:49.257  INFO 6248 --- [           main] i.t.t.TemplateApplicationTests           : Starting TemplateApplicationTests on Jiangs-MacBook-Pro.local with PID 6248 (started by gingko in /Users/gingko/Documents/Code/kotlin/template)
2018-07-25 15:41:49.279  INFO 6248 --- [           main] i.t.t.TemplateApplicationTests           : No active profile set, falling back to default profiles: default
2018-07-25 15:41:53.252  INFO 6248 --- [           main] i.t.t.TemplateApplicationTests           : Started TemplateApplicationTests in 4.491 seconds (JVM running for 6.643)
2018-07-25 15:42:43.778  INFO 6287 --- [           main] i.t.t.TemplateApplicationTests           : Starting TemplateApplicationTests on Jiangs-MacBook-Pro.local with PID 6287 (started by gingko in /Users/gingko/Documents/Code/kotlin/template)
2018-07-25 15:42:43.781  INFO 6287 --- [           main] i.t.t.TemplateApplicationTests           : No active profile set, falling back to default profiles: default
2018-07-25 15:42:47.998  INFO 6287 --- [           main] i.t.t.TemplateApplicationTests           : Started TemplateApplicationTests in 4.672 seconds (JVM running for 6.199)
2018-07-25 15:43:02.263  INFO 6299 --- [           main] i.t.t.ApplicationKt                      : Starting ApplicationKt v0.0.1-SNAPSHOT on Jiangs-MacBook-Pro.local with PID 6299 (/Users/gingko/Documents/Code/kotlin/template/target/template-0.0.1-SNAPSHOT.jar started by gingko in /Users/gingko/Documents/Code/kotlin/template)
2018-07-25 15:43:02.264  INFO 6299 --- [           main] i.t.t.ApplicationKt                      : No active profile set, falling back to default profiles: default
2018-07-25 15:43:07.051  INFO 6299 --- [           main] i.t.t.ApplicationKt                      : Started ApplicationKt in 5.426 seconds (JVM running for 6.669)
2018-07-31 16:42:03.066  INFO 17299 --- [           main] i.t.t.ApplicationKt                      : Starting ApplicationKt on Jiangs-MacBook-Pro.local with PID 17299 (/Users/gingko/Documents/Code/kotlin/template/target/classes started by gingko in /Users/gingko/Documents/Code/kotlin/template)
2018-07-31 16:42:03.086  INFO 17299 --- [           main] i.t.t.ApplicationKt                      : No active profile set, falling back to default profiles: default
2018-07-31 16:42:08.219  INFO 17299 --- [           main] i.t.t.ApplicationKt                      : Started ApplicationKt in 6.056 seconds (JVM running for 8.005)
2018-07-31 16:47:07.461  INFO 17311 --- [           main] i.t.t.ApplicationKt                      : Starting ApplicationKt on Jiangs-MacBook-Pro.local with PID 17311 (/Users/gingko/Documents/Code/kotlin/template/target/classes started by gingko in /Users/gingko/Documents/Code/kotlin/template)
2018-07-31 16:47:07.468  INFO 17311 --- [           main] i.t.t.ApplicationKt                      : No active profile set, falling back to default profiles: default
2018-07-31 16:47:12.685  INFO 17311 --- [           main] i.t.t.ApplicationKt                      : Started ApplicationKt in 5.908 seconds (JVM running for 7.408)
2018-07-31 16:49:24.426  INFO 17315 --- [           main] i.t.t.ApplicationKt                      : Starting ApplicationKt on Jiangs-MacBook-Pro.local with PID 17315 (/Users/gingko/Documents/Code/kotlin/template/target/classes started by gingko in /Users/gingko/Documents/Code/kotlin/template)
2018-07-31 16:49:24.434  INFO 17315 --- [           main] i.t.t.ApplicationKt                      : No active profile set, falling back to default profiles: default
2018-07-31 16:49:29.516  INFO 17315 --- [           main] i.t.t.ApplicationKt                      : Started ApplicationKt in 5.733 seconds (JVM running for 7.315)
2018-07-31 16:50:13.471  INFO 17318 --- [           main] i.t.t.ApplicationKt                      : Starting ApplicationKt on Jiangs-MacBook-Pro.local with PID 17318 (/Users/gingko/Documents/Code/kotlin/template/target/classes started by gingko in /Users/gingko/Documents/Code/kotlin/template)
2018-07-31 16:50:13.477  INFO 17318 --- [           main] i.t.t.ApplicationKt                      : No active profile set, falling back to default profiles: default
2018-07-31 16:50:18.131  INFO 17318 --- [           main] i.t.t.ApplicationKt                      : Started ApplicationKt in 5.411 seconds (JVM running for 6.968)
2018-07-31 16:50:28.488  INFO 17321 --- [           main] i.t.t.ApplicationKt                      : Starting ApplicationKt on Jiangs-MacBook-Pro.local with PID 17321 (/Users/gingko/Documents/Code/kotlin/template/target/classes started by gingko in /Users/gingko/Documents/Code/kotlin/template)
2018-07-31 16:50:28.507  INFO 17321 --- [           main] i.t.t.ApplicationKt                      : No active profile set, falling back to default profiles: default
2018-07-31 16:50:33.244  INFO 17321 --- [           main] i.t.t.ApplicationKt                      : Started ApplicationKt in 5.424 seconds (JVM running for 6.885)
2018-07-31 16:51:29.935  INFO 17324 --- [           main] i.t.t.ApplicationKt                      : Starting ApplicationKt on Jiangs-MacBook-Pro.local with PID 17324 (/Users/gingko/Documents/Code/kotlin/template/target/classes started by gingko in /Users/gingko/Documents/Code/kotlin/template)
2018-07-31 16:51:29.941  INFO 17324 --- [           main] i.t.t.ApplicationKt                      : No active profile set, falling back to default profiles: default
2018-07-31 16:51:34.661  INFO 17324 --- [           main] i.t.t.ApplicationKt                      : Started ApplicationKt in 5.535 seconds (JVM running for 7.105)
2018-07-31 16:52:10.898  INFO 17327 --- [           main] i.t.t.ApplicationKt                      : Starting ApplicationKt on Jiangs-MacBook-Pro.local with PID 17327 (/Users/gingko/Documents/Code/kotlin/template/target/classes started by gingko in /Users/gingko/Documents/Code/kotlin/template)
2018-07-31 16:52:10.934  INFO 17327 --- [           main] i.t.t.ApplicationKt                      : No active profile set, falling back to default profiles: default
2018-07-31 16:52:15.701  INFO 17327 --- [           main] i.t.t.ApplicationKt                      : Started ApplicationKt in 5.584 seconds (JVM running for 7.073)
2018-07-31 17:28:39.360  INFO 17350 --- [           main] i.t.t.ApplicationKt                      : Starting ApplicationKt on Jiangs-MacBook-Pro.local with PID 17350 (/Users/gingko/Documents/Code/kotlin/template/target/classes started by gingko in /Users/gingko/Documents/Code/kotlin/template)
2018-07-31 17:28:39.400  INFO 17350 --- [           main] i.t.t.ApplicationKt                      : No active profile set, falling back to default profiles: default
2018-07-31 17:29:39.384  INFO 17353 --- [           main] i.t.t.ApplicationKt                      : Starting ApplicationKt on Jiangs-MacBook-Pro.local with PID 17353 (/Users/gingko/Documents/Code/kotlin/template/target/classes started by gingko in /Users/gingko/Documents/Code/kotlin/template)
2018-07-31 17:29:39.411  INFO 17353 --- [           main] i.t.t.ApplicationKt                      : No active profile set, falling back to default profiles: default
2018-07-31 17:30:33.632  INFO 17356 --- [           main] i.t.t.ApplicationKt                      : Starting ApplicationKt on Jiangs-MacBook-Pro.local with PID 17356 (/Users/gingko/Documents/Code/kotlin/template/target/classes started by gingko in /Users/gingko/Documents/Code/kotlin/template)
2018-07-31 17:30:33.640  INFO 17356 --- [           main] i.t.t.ApplicationKt                      : No active profile set, falling back to default profiles: default
2018-07-31 17:34:55.047  INFO 17431 --- [           main] i.t.t.ApplicationKt                      : Starting ApplicationKt on Jiangs-MacBook-Pro.local with PID 17431 (/Users/gingko/Documents/Code/kotlin/template/target/classes started by gingko in /Users/gingko/Documents/Code/kotlin/template)
2018-07-31 17:34:55.053  INFO 17431 --- [           main] i.t.t.ApplicationKt                      : No active profile set, falling back to default profiles: default
2018-07-31 17:36:30.870  INFO 17439 --- [           main] i.t.t.ApplicationKt                      : Starting ApplicationKt on Jiangs-MacBook-Pro.local with PID 17439 (/Users/gingko/Documents/Code/kotlin/template/target/classes started by gingko in /Users/gingko/Documents/Code/kotlin/template)
2018-07-31 17:36:30.892  INFO 17439 --- [           main] i.t.t.ApplicationKt                      : No active profile set, falling back to default profiles: default
2018-07-31 17:36:35.612  INFO 17439 --- [           main] i.t.t.ApplicationKt                      : Started ApplicationKt in 5.655 seconds (JVM running for 8.166)
2018-07-31 17:38:21.357  INFO 17446 --- [           main] i.t.t.ApplicationKt                      : Starting ApplicationKt on Jiangs-MacBook-Pro.local with PID 17446 (/Users/gingko/Documents/Code/kotlin/template/target/classes started by gingko in /Users/gingko/Documents/Code/kotlin/template)
2018-07-31 17:38:21.366  INFO 17446 --- [           main] i.t.t.ApplicationKt                      : No active profile set, falling back to default profiles: default
2018-07-31 17:38:26.617  INFO 17446 --- [           main] i.t.t.ApplicationKt                      : Started ApplicationKt in 6.06 seconds (JVM running for 7.648)
2018-07-31 17:40:43.539  INFO 17446 --- [nio-8080-exec-4] i.t.t.c.AddressController                : address: io.terminus.template.model.Address@76a9226d
2018-07-31 17:48:07.374  INFO 17465 --- [           main] i.t.t.ApplicationKt                      : Starting ApplicationKt on Jiangs-MacBook-Pro.local with PID 17465 (/Users/gingko/Documents/Code/kotlin/template/target/classes started by gingko in /Users/gingko/Documents/Code/kotlin/template)
2018-07-31 17:48:07.395  INFO 17465 --- [           main] i.t.t.ApplicationKt                      : No active profile set, falling back to default profiles: default
2018-07-31 17:48:12.351  INFO 17465 --- [           main] i.t.t.ApplicationKt                      : Started ApplicationKt in 5.737 seconds (JVM running for 7.394)
2018-07-31 17:49:26.033  INFO 17469 --- [           main] i.t.t.ApplicationKt                      : Starting ApplicationKt on Jiangs-MacBook-Pro.local with PID 17469 (/Users/gingko/Documents/Code/kotlin/template/target/classes started by gingko in /Users/gingko/Documents/Code/kotlin/template)
2018-07-31 17:49:26.053  INFO 17469 --- [           main] i.t.t.ApplicationKt                      : No active profile set, falling back to default profiles: default
2018-07-31 17:49:32.603  INFO 17469 --- [           main] i.t.t.ApplicationKt                      : Started ApplicationKt in 7.97 seconds (JVM running for 10.623)
2018-07-31 17:50:39.022  INFO 17469 --- [nio-8080-exec-4] i.t.t.c.AddressController                : address: io.terminus.template.model.Address@2c4555a1
2018-07-31 17:57:13.036  INFO 17477 --- [           main] i.t.t.ApplicationKt                      : Starting ApplicationKt on Jiangs-MacBook-Pro.local with PID 17477 (/Users/gingko/Documents/Code/kotlin/template/target/classes started by gingko in /Users/gingko/Documents/Code/kotlin/template)
2018-07-31 17:57:13.092  INFO 17477 --- [           main] i.t.t.ApplicationKt                      : No active profile set, falling back to default profiles: default
2018-07-31 17:58:46.696  INFO 17481 --- [           main] i.t.t.ApplicationKt                      : Starting ApplicationKt on Jiangs-MacBook-Pro.local with PID 17481 (/Users/gingko/Documents/Code/kotlin/template/target/classes started by gingko in /Users/gingko/Documents/Code/kotlin/template)
2018-07-31 17:58:46.707  INFO 17481 --- [           main] i.t.t.ApplicationKt                      : No active profile set, falling back to default profiles: default
2018-07-31 17:58:51.123  INFO 17481 --- [           main] i.t.t.ApplicationKt                      : Started ApplicationKt in 5.323 seconds (JVM running for 6.957)
2018-07-31 17:58:58.842  INFO 17481 --- [nio-8080-exec-2] i.t.t.c.AddressController                : address: io.terminus.template.model.Address@6968be2d
2018-07-31 18:03:10.751  INFO 17495 --- [           main] i.t.t.ApplicationKt                      : Starting ApplicationKt on Jiangs-MacBook-Pro.local with PID 17495 (/Users/gingko/Documents/Code/kotlin/template/target/classes started by gingko in /Users/gingko/Documents/Code/kotlin/template)
2018-07-31 18:03:10.778  INFO 17495 --- [           main] i.t.t.ApplicationKt                      : No active profile set, falling back to default profiles: default
2018-07-31 18:03:16.377  INFO 17495 --- [           main] i.t.t.ApplicationKt                      : Started ApplicationKt in 6.416 seconds (JVM running for 8.073)
2018-07-31 23:11:51.187  INFO 17966 --- [           main] i.t.t.ApplicationKt                      : Starting ApplicationKt on Jiangs-MacBook-Pro.local with PID 17966 (/Users/gingko/Documents/Code/kotlin/template/target/classes started by gingko in /Users/gingko/Documents/Code/kotlin/template)
2018-07-31 23:11:51.216  INFO 17966 --- [           main] i.t.t.ApplicationKt                      : No active profile set, falling back to default profiles: default
2018-07-31 23:15:19.191  INFO 18311 --- [           main] i.t.t.ApplicationKt                      : Starting ApplicationKt on Jiangs-MacBook-Pro.local with PID 18311 (/Users/gingko/Documents/Code/kotlin/template/target/classes started by gingko in /Users/gingko/Documents/Code/kotlin/template)
2018-07-31 23:15:19.198  INFO 18311 --- [           main] i.t.t.ApplicationKt                      : No active profile set, falling back to default profiles: default
2018-07-31 23:15:32.303  INFO 18311 --- [           main] i.t.t.ApplicationKt                      : Started ApplicationKt in 14.086 seconds (JVM running for 16.096)
2018-07-31 23:18:07.325  INFO 18328 --- [           main] i.t.t.ApplicationKt                      : Starting ApplicationKt on Jiangs-MacBook-Pro.local with PID 18328 (/Users/gingko/Documents/Code/kotlin/template/target/classes started by gingko in /Users/gingko/Documents/Code/kotlin/template)
2018-07-31 23:18:07.342  INFO 18328 --- [           main] i.t.t.ApplicationKt                      : No active profile set, falling back to default profiles: default
2018-07-31 23:18:15.346  INFO 18328 --- [           main] i.t.t.ApplicationKt                      : Started ApplicationKt in 9.029 seconds (JVM running for 11.053)
2018-07-31 23:31:19.928  INFO 18345 --- [           main] i.t.t.ApplicationKt                      : Starting ApplicationKt on Jiangs-MacBook-Pro.local with PID 18345 (/Users/gingko/Documents/Code/kotlin/template/target/classes started by gingko in /Users/gingko/Documents/Code/kotlin/template)
2018-07-31 23:31:19.959  INFO 18345 --- [           main] i.t.t.ApplicationKt                      : No active profile set, falling back to default profiles: default
2018-07-31 23:31:27.968  INFO 18345 --- [           main] i.t.t.ApplicationKt                      : Started ApplicationKt in 8.883 seconds (JVM running for 10.865)
2018-07-31 23:36:15.764  INFO 18355 --- [           main] i.t.t.ApplicationKt                      : Starting ApplicationKt on Jiangs-MacBook-Pro.local with PID 18355 (/Users/gingko/Documents/Code/kotlin/template/target/classes started by gingko in /Users/gingko/Documents/Code/kotlin/template)
2018-07-31 23:36:15.771  INFO 18355 --- [           main] i.t.t.ApplicationKt                      : No active profile set, falling back to default profiles: default
2018-07-31 23:36:25.454  INFO 18358 --- [           main] i.t.t.ApplicationKt                      : Starting ApplicationKt on Jiangs-MacBook-Pro.local with PID 18358 (/Users/gingko/Documents/Code/kotlin/template/target/classes started by gingko in /Users/gingko/Documents/Code/kotlin/template)
2018-07-31 23:36:25.465  INFO 18358 --- [           main] i.t.t.ApplicationKt                      : No active profile set, falling back to default profiles: default
2018-07-31 23:36:30.144  INFO 18358 --- [           main] i.t.t.ApplicationKt                      : Started ApplicationKt in 5.576 seconds (JVM running for 7.273)
2018-08-02 11:38:52.911  INFO 22440 --- [           main] i.t.t.ApplicationKt                      : Starting ApplicationKt on Jiangs-MacBook-Pro.local with PID 22440 (/Users/gingko/Documents/Code/kotlin/template/target/classes started by gingko in /Users/gingko/Documents/Code/kotlin/template)
2018-08-02 11:38:52.925  INFO 22440 --- [           main] i.t.t.ApplicationKt                      : No active profile set, falling back to default profiles: default
2018-08-02 11:38:57.872  INFO 22440 --- [           main] i.t.t.ApplicationKt                      : Started ApplicationKt in 5.706 seconds (JVM running for 7.248)
2018-08-02 11:39:33.926  INFO 22440 --- [nio-8080-exec-1] i.t.t.c.AddressController                : address: Address[name=jzd,phone=12345,province=hz,id=0,updatedAt=<null>,createdAt=<null>,_ebean_intercept=io.ebean.bean.EntityBeanIntercept@2bd36b63]
2018-08-02 16:11:37.631  INFO 23729 --- [           main] i.t.t.ApplicationKt                      : Starting ApplicationKt on Jiangs-MacBook-Pro.local with PID 23729 (/Users/gingko/Documents/Code/kotlin/template/target/classes started by gingko in /Users/gingko/Documents/Code/kotlin/template)
2018-08-02 16:11:37.655  INFO 23729 --- [           main] i.t.t.ApplicationKt                      : No active profile set, falling back to default profiles: default
2018-08-02 16:11:42.979  INFO 23729 --- [           main] i.t.t.ApplicationKt                      : Started ApplicationKt in 5.969 seconds (JVM running for 7.343)
2018-08-02 16:12:46.921  INFO 23732 --- [           main] i.t.t.ApplicationKt                      : Starting ApplicationKt on Jiangs-MacBook-Pro.local with PID 23732 (/Users/gingko/Documents/Code/kotlin/template/target/classes started by gingko in /Users/gingko/Documents/Code/kotlin/template)
2018-08-02 16:12:46.932  INFO 23732 --- [           main] i.t.t.ApplicationKt                      : No active profile set, falling back to default profiles: default
2018-08-02 16:12:51.391  INFO 23732 --- [           main] i.t.t.ApplicationKt                      : Started ApplicationKt in 5.291 seconds (JVM running for 7.021)
2018-08-02 16:13:10.061  INFO 23732 --- [nio-8080-exec-2] i.t.t.c.AddressController                : address: Address[firstName=jzd,phone=12345,province=hz,id=0,updatedAt=<null>,createdAt=<null>,_ebean_intercept=io.ebean.bean.EntityBeanIntercept@718b431b]
2018-08-02 16:14:24.236  INFO 23736 --- [           main] i.t.t.ApplicationKt                      : Starting ApplicationKt on Jiangs-MacBook-Pro.local with PID 23736 (/Users/gingko/Documents/Code/kotlin/template/target/classes started by gingko in /Users/gingko/Documents/Code/kotlin/template)
2018-08-02 16:14:24.250  INFO 23736 --- [           main] i.t.t.ApplicationKt                      : No active profile set, falling back to default profiles: default
2018-08-02 16:14:29.054  INFO 23736 --- [           main] i.t.t.ApplicationKt                      : Started ApplicationKt in 5.673 seconds (JVM running for 7.086)
2018-08-03 14:10:56.219  INFO 26377 --- [           main] i.t.t.ApplicationKt                      : Starting ApplicationKt on Jiangs-MacBook-Pro.local with PID 26377 (/Users/gingko/Documents/Code/kotlin/template/target/classes started by gingko in /Users/gingko/Documents/Code/kotlin/template)
2018-08-03 14:10:56.231  INFO 26377 --- [           main] i.t.t.ApplicationKt                      : No active profile set, falling back to default profiles: default
2018-08-03 14:11:01.844  INFO 26377 --- [           main] i.t.t.ApplicationKt                      : Started ApplicationKt in 6.357 seconds (JVM running for 7.866)
2018-08-03 14:11:20.950  INFO 26377 --- [nio-8080-exec-3] i.t.t.c.AddressController                : address: Address[firstName=jzd,phone=12345,province=hz,id=0,updatedAt=<null>,createdAt=<null>,_ebean_intercept=io.ebean.bean.EntityBeanIntercept@772e4302]
2018-08-03 14:11:29.034  INFO 26377 --- [nio-8080-exec-4] i.t.t.c.AddressController                : address: Address[firstName=jzd,phone=12345,province=hz,id=0,updatedAt=<null>,createdAt=<null>,_ebean_intercept=io.ebean.bean.EntityBeanIntercept@6177634e]
2018-08-03 14:11:29.861  INFO 26377 --- [nio-8080-exec-5] i.t.t.c.AddressController                : address: Address[firstName=jzd,phone=12345,province=hz,id=0,updatedAt=<null>,createdAt=<null>,_ebean_intercept=io.ebean.bean.EntityBeanIntercept@a89f6b4]
2018-08-03 15:03:13.760  INFO 26694 --- [           main] i.t.t.ApplicationKt                      : Starting ApplicationKt on Jiangs-MacBook-Pro.local with PID 26694 (/Users/gingko/Documents/Code/kotlin/template/target/classes started by gingko in /Users/gingko/Documents/Code/kotlin/template)
2018-08-03 15:03:13.809  INFO 26694 --- [           main] i.t.t.ApplicationKt                      : No active profile set, falling back to default profiles: default
2018-08-03 15:03:18.300  INFO 26694 --- [           main] i.t.t.ApplicationKt                      : Started ApplicationKt in 5.257 seconds (JVM running for 6.731)
2018-08-03 15:03:27.828  INFO 26694 --- [nio-8080-exec-1] i.t.t.c.AddressController                : address: Address[firstName=jzd,phone=12345,province=hz,id=0,updatedAt=<null>,createdAt=<null>,_ebean_intercept=io.ebean.bean.EntityBeanIntercept@3b25572e]
2018-08-03 15:03:37.060  INFO 26694 --- [nio-8080-exec-3] i.t.t.c.AddressController                : address: Address[firstName=jzd,phone=12345,province=hz,id=0,updatedAt=<null>,createdAt=<null>,_ebean_intercept=io.ebean.bean.EntityBeanIntercept@262473ee]
2018-08-03 15:14:17.704  INFO 26718 --- [           main] i.t.t.ApplicationKt                      : Starting ApplicationKt on Jiangs-MacBook-Pro.local with PID 26718 (/Users/gingko/Documents/Code/kotlin/template/target/classes started by gingko in /Users/gingko/Documents/Code/kotlin/template)
2018-08-03 15:14:17.710  INFO 26718 --- [           main] i.t.t.ApplicationKt                      : No active profile set, falling back to default profiles: default
2018-08-03 15:14:22.281  INFO 26718 --- [           main] i.t.t.ApplicationKt                      : Started ApplicationKt in 5.188 seconds (JVM running for 6.476)
2018-08-03 15:14:25.883  INFO 26718 --- [nio-8080-exec-1] i.t.t.c.AddressController                : address: Address[firstName=jzd,phone=12345,province=hz,id=0,updatedAt=<null>,createdAt=<null>,_ebean_intercept=io.ebean.bean.EntityBeanIntercept@62a32fb7]
2018-08-03 15:14:26.964  INFO 26718 --- [nio-8080-exec-3] i.t.t.c.AddressController                : address: Address[firstName=jzd,phone=12345,province=hz,id=0,updatedAt=<null>,createdAt=<null>,_ebean_intercept=io.ebean.bean.EntityBeanIntercept@4600e9d3]
2018-08-03 15:14:27.772  INFO 26718 --- [nio-8080-exec-4] i.t.t.c.AddressController                : address: Address[firstName=jzd,phone=12345,province=hz,id=0,updatedAt=<null>,createdAt=<null>,_ebean_intercept=io.ebean.bean.EntityBeanIntercept@31fadfa3]
2018-08-07 09:17:57.725  INFO 45677 --- [           main] i.t.t.ApplicationKt                      : Starting ApplicationKt on Jiangs-MacBook-Pro.local with PID 45677 (/Users/gingko/Documents/Code/kotlin/template/target/classes started by gingko in /Users/gingko/Documents/Code/kotlin/template)
2018-08-07 09:17:57.748  INFO 45677 --- [           main] i.t.t.ApplicationKt                      : No active profile set, falling back to default profiles: default
2018-08-07 09:18:03.686  INFO 45677 --- [           main] i.t.t.ApplicationKt                      : Started ApplicationKt in 6.767 seconds (JVM running for 8.803)
2018-08-07 09:18:38.440  INFO 45677 --- [nio-8080-exec-2] i.t.t.c.AddressController                : address: Address[firstName=jzd,phone=12345,province=hz,status=INIT,id=0,updatedAt=<null>,createdAt=<null>,_ebean_intercept=io.ebean.bean.EntityBeanIntercept@5afa224f]
2018-08-07 09:19:32.616  INFO 45677 --- [nio-8080-exec-3] i.t.t.c.AddressController                : address: Address[firstName=jzd,phone=12345,province=hz,status=INIT,id=0,updatedAt=<null>,createdAt=<null>,_ebean_intercept=io.ebean.bean.EntityBeanIntercept@1f472ae0]
2018-08-07 09:19:33.757  INFO 45677 --- [nio-8080-exec-4] i.t.t.c.AddressController                : address: Address[firstName=jzd,phone=12345,province=hz,status=INIT,id=0,updatedAt=<null>,createdAt=<null>,_ebean_intercept=io.ebean.bean.EntityBeanIntercept@d4d2d36]
2018-08-07 09:47:57.267  INFO 46028 --- [           main] i.t.t.ApplicationKt                      : Starting ApplicationKt on Jiangs-MacBook-Pro.local with PID 46028 (/Users/gingko/Documents/Code/kotlin/template/target/classes started by gingko in /Users/gingko/Documents/Code/kotlin/template)
2018-08-07 09:47:57.274  INFO 46028 --- [           main] i.t.t.ApplicationKt                      : No active profile set, falling back to default profiles: default
2018-08-07 09:48:03.031  INFO 46028 --- [           main] i.t.t.ApplicationKt                      : Started ApplicationKt in 6.481 seconds (JVM running for 8.208)
2018-08-07 09:48:20.096  INFO 46028 --- [nio-8080-exec-2] i.t.t.c.AddressController                : address: Address[firstName=jzd,phone=12345,province=hz,status=INIT,id=0,updatedAt=<null>,createdAt=<null>,_ebean_intercept=io.ebean.bean.EntityBeanIntercept@6bc38dc9]
2018-08-07 09:48:21.663  INFO 46028 --- [nio-8080-exec-3] i.t.t.c.AddressController                : address: Address[firstName=jzd,phone=12345,province=hz,status=INIT,id=0,updatedAt=<null>,createdAt=<null>,_ebean_intercept=io.ebean.bean.EntityBeanIntercept@28d101d8]
2018-08-07 09:48:27.402  INFO 46028 --- [nio-8080-exec-4] i.t.t.c.AddressController                : address: Address[firstName=jzd,phone=12345,province=hz,status=RUNNING,id=0,updatedAt=<null>,createdAt=<null>,_ebean_intercept=io.ebean.bean.EntityBeanIntercept@4bd90546]
2018-08-07 09:48:34.374  INFO 46028 --- [nio-8080-exec-5] i.t.t.c.AddressController                : address: Address[firstName=jzd,phone=12345,province=hz,status=Running,id=0,updatedAt=<null>,createdAt=<null>,_ebean_intercept=io.ebean.bean.EntityBeanIntercept@24dbd622]
2018-08-07 13:47:25.866  INFO 48164 --- [           main] i.t.t.ApplicationKt                      : Starting ApplicationKt on Jiangs-MacBook-Pro.local with PID 48164 (/Users/gingko/Documents/Code/kotlin/template/target/classes started by gingko in /Users/gingko/Documents/Code/kotlin/template)
2018-08-07 13:47:25.876  INFO 48164 --- [           main] i.t.t.ApplicationKt                      : No active profile set, falling back to default profiles: default
2018-08-07 13:47:45.202  INFO 48171 --- [           main] i.t.t.ApplicationKt                      : Starting ApplicationKt on Jiangs-MacBook-Pro.local with PID 48171 (/Users/gingko/Documents/Code/kotlin/template/target/classes started by gingko in /Users/gingko/Documents/Code/kotlin/template)
2018-08-07 13:47:45.214  INFO 48171 --- [           main] i.t.t.ApplicationKt                      : No active profile set, falling back to default profiles: default
2018-08-07 13:47:49.960  INFO 48171 --- [           main] i.t.t.ApplicationKt                      : Started ApplicationKt in 5.639 seconds (JVM running for 7.491)
2018-08-07 13:48:08.261  INFO 48171 --- [nio-8080-exec-2] i.t.t.c.AddressController                : address: Address[firstName=jzd,phone=12345,province=hz,status=INIT,id=0,updatedAt=<null>,createdAt=<null>,_ebean_intercept=io.ebean.bean.EntityBeanIntercept@546755e8]
2018-08-07 13:48:15.550  INFO 48171 --- [nio-8080-exec-3] i.t.t.c.AddressController                : address: Address[firstName=jzd,phone=12345,province=hz,status=<null>,id=0,updatedAt=<null>,createdAt=<null>,_ebean_intercept=io.ebean.bean.EntityBeanIntercept@3f5ab330]
2018-08-07 13:48:19.876  INFO 48171 --- [nio-8080-exec-4] i.t.t.c.AddressController                : address: Address[firstName=jzd,phone=12345,province=hz,status=INIT,id=0,updatedAt=<null>,createdAt=<null>,_ebean_intercept=io.ebean.bean.EntityBeanIntercept@4fdac0e8]
2018-08-07 13:49:37.939  INFO 48171 --- [nio-8080-exec-7] i.t.t.c.AddressController                : address: Address[firstName=jzd,phone=12345,province=hz,status=RUNNING,id=0,updatedAt=<null>,createdAt=<null>,_ebean_intercept=io.ebean.bean.EntityBeanIntercept@52759aca]
2018-08-07 13:49:49.326  INFO 48171 --- [nio-8080-exec-8] i.t.t.c.AddressController                : address: Address[firstName=jzd,phone=12345,province=hz,status=<null>,id=0,updatedAt=<null>,createdAt=<null>,_ebean_intercept=io.ebean.bean.EntityBeanIntercept@12b6007a]
2018-08-07 13:50:42.686  INFO 48171 --- [nio-8080-exec-9] i.t.t.c.AddressController                : address: Address[firstName=jzd,phone=12345,province=hz,status=<null>,id=0,updatedAt=<null>,createdAt=<null>,_ebean_intercept=io.ebean.bean.EntityBeanIntercept@de1f3e1]
2018-08-07 13:50:54.818  INFO 48171 --- [io-8080-exec-10] i.t.t.c.AddressController                : address: Address[firstName=jzd,phone=12345,province=hz,status=RUNNING,id=0,updatedAt=<null>,createdAt=<null>,_ebean_intercept=io.ebean.bean.EntityBeanIntercept@5aa53a5a]
2018-08-07 13:51:48.435  INFO 48171 --- [nio-8080-exec-1] i.t.t.c.AddressController                : address: Address[firstName=jzd,phone=12345,province=hz,status=INIT,id=0,updatedAt=<null>,createdAt=<null>,_ebean_intercept=io.ebean.bean.EntityBeanIntercept@5c7d2512]
2018-08-08 15:01:07.835  INFO 60594 --- [           main] i.t.t.ApplicationKt                      : Starting ApplicationKt on Jiangs-MacBook-Pro.local with PID 60594 (/Users/gingko/Documents/Code/kotlin/template/target/classes started by gingko in /Users/gingko/Documents/Code/kotlin/template)
2018-08-08 15:01:07.851  INFO 60594 --- [           main] i.t.t.ApplicationKt                      : No active profile set, falling back to default profiles: default
2018-08-08 15:01:12.575  INFO 60594 --- [           main] i.t.t.ApplicationKt                      : Started ApplicationKt in 5.611 seconds (JVM running for 7.423)
2018-08-08 15:01:18.927  INFO 60594 --- [nio-8080-exec-2] i.t.t.c.AddressController                : address: Address[firstName=jzd,phone=12345,province=hz,status=INIT,id=0,updatedAt=<null>,createdAt=<null>,_ebean_intercept=io.ebean.bean.EntityBeanIntercept@73dd457e]
2018-08-08 15:01:21.519  INFO 60594 --- [nio-8080-exec-3] i.t.t.c.AddressController                : address: Address[firstName=jzd,phone=12345,province=hz,status=INIT,id=0,updatedAt=<null>,createdAt=<null>,_ebean_intercept=io.ebean.bean.EntityBeanIntercept@382a26c1]
